[debug] [2022-07-13T09:26:02.221Z] ----------------------------------------------------------------------
[debug] [2022-07-13T09:26:02.223Z] Command:       C:\Users\Lenovo\Desktop\firebase-tools-instant-win.exe C:\Users\Lenovo\.cache\firebase\tools\lib\node_modules\firebase-tools\lib\bin\firebase init hosting
[debug] [2022-07-13T09:26:02.223Z] CLI Version:   11.2.2
[debug] [2022-07-13T09:26:02.223Z] Platform:      win32
[debug] [2022-07-13T09:26:02.223Z] Node Version:  v16.15.0
[debug] [2022-07-13T09:26:02.224Z] Time:          Wed Jul 13 2022 12:26:02 GMT+0300 (Eastern European Summer Time)
[debug] [2022-07-13T09:26:02.224Z] ----------------------------------------------------------------------
[debug] 
[debug] [2022-07-13T09:26:02.228Z] > command requires scopes: ["email","openid","https://www.googleapis.com/auth/cloudplatformprojects.readonly","https://www.googleapis.com/auth/firebase","https://www.googleapis.com/auth/cloud-platform"]
[debug] [2022-07-13T09:26:02.229Z] > authorizing via signed-in user (mays.j.kourjieh@gmail.com)
[info] 
     ######## #### ########  ######## ########     ###     ######  ########
     ##        ##  ##     ## ##       ##     ##  ##   ##  ##       ##
     ######    ##  ########  ######   ########  #########  ######  ######
     ##        ##  ##    ##  ##       ##     ## ##     ##       ## ##
     ##       #### ##     ## ######## ########  ##     ##  ######  ########

You're about to initialize a Firebase project in this directory:

  C:\Projects\task_scheduler_typescript

Before we get started, keep in mind:

  * You are currently outside your home directory

[info] 
=== Project Setup
[info] 
[info] First, let's associate this project directory with a Firebase project.
[info] You can create multiple project aliases by running firebase use --add, 
[info] but for now we'll just set up a default project.
[info] 
[debug] [2022-07-13T09:26:04.869Z] >>> [apiv2][query] GET https://firebase.googleapis.com/v1beta1/projects pageSize=100
[debug] [2022-07-13T09:26:05.566Z] <<< [apiv2][status] GET https://firebase.googleapis.com/v1beta1/projects 200
[debug] [2022-07-13T09:26:05.566Z] <<< [apiv2][body] GET https://firebase.googleapis.com/v1beta1/projects [omitted]
[info] i  Using project react-typescript-44705 (React-Typescript) 
[info] 
=== Hosting Setup
[info] 
[info] Your public directory is the folder (relative to your project directory) that
[info] will contain Hosting assets to be uploaded with firebase deploy. If you
[info] have a build process for your assets, use your build's output directory.
[info] 
